<?xml version="1.0" encoding="UTF-8"?>
<!-- Generated by org.testng.reporters.JUnitReportReporter -->
<testsuite skipped="0" hostname="MSI" name="test.AddEmployeeTest" tests="1" failures="0" timestamp="2022-05-18T10:04:51 GMT-05:00" time="35.000" errors="0">
  <testcase name="addMultipleEmployeesFromExcel" time="35.000" classname="test.AddEmployeeTest"/>
  <system-out/>
</testsuite> <!-- test.AddEmployeeTest -->
