<?xml version="1.0" encoding="UTF-8"?>
<!-- Generated by org.testng.reporters.JUnitReportReporter -->
<testsuite skipped="0" hostname="MSI" name="test.LoginTest" tests="5" failures="0" timestamp="2022-05-18T09:11:57 GMT-05:00" time="16.543" errors="0">
  <testcase name="invalidCredentials" time="3.424" classname="test.LoginTest"/>
  <system-out/>
  <testcase name="invalidCredentials" time="4.580" classname="test.LoginTest"/>
  <system-out/>
  <testcase name="logoIsPresent" time="2.767" classname="test.LoginTest"/>
  <system-out/>
  <testcase name="invalidCredentials" time="2.822" classname="test.LoginTest"/>
  <system-out/>
  <testcase name="invalidCredentials" time="2.950" classname="test.LoginTest"/>
  <system-out/>
</testsuite> <!-- test.LoginTest -->
